<?xml version="1.0" encoding="UTF-8"?>
<!-- Generated by org.testng.reporters.JUnitReportReporter -->
<testsuite skipped="0" hostname="PVANDANA-L-1037" name="Login" tests="1" failures="0" timestamp="24 Oct 2017 13:55:57 GMT" time="25.174" errors="0">
  <testcase name="setUp" time="25.174" classname="Login"/>
</testsuite> <!-- Login -->
